<?xml version="1.0" encoding="UTF-8"?>
<testng-results skipped="0" failed="0" ignored="0" total="1" passed="1">
  <reporter-output>
  </reporter-output>
  <suite name="Suite" duration-ms="21482" started-at="2018-03-18T15:37:58Z" finished-at="2018-03-18T15:38:20Z">
    <groups>
    </groups>
    <test name="Test" duration-ms="21482" started-at="2018-03-18T15:37:58Z" finished-at="2018-03-18T15:38:20Z">
      <class name="com.TestCases.Tc_01_ValidateLoginCredentials">
        <test-method status="PASS" signature="Tc_01_ValidateLoginCredentials()[pri:0, instance:com.TestCases.Tc_01_ValidateLoginCredentials@26653222]" name="Tc_01_ValidateLoginCredentials" duration-ms="20193" started-at="2018-03-18T21:07:59Z" finished-at="2018-03-18T21:08:19Z">
          <reporter-output>
          </reporter-output>
        </test-method> <!-- Tc_01_ValidateLoginCredentials -->
      </class> <!-- com.TestCases.Tc_01_ValidateLoginCredentials -->
    </test> <!-- Test -->
  </suite> <!-- Suite -->
</testng-results>
