<?xml version="1.0" encoding="UTF-8"?>
<testng-results skipped="0" failed="0" ignored="0" total="1" passed="1">
  <reporter-output>
  </reporter-output>
  <suite name="Suite" duration-ms="36392" started-at="2018-06-16T10:17:48Z" finished-at="2018-06-16T10:18:24Z">
    <groups>
    </groups>
    <test name="Test" duration-ms="36392" started-at="2018-06-16T10:17:48Z" finished-at="2018-06-16T10:18:24Z">
      <class name="com.TestCases.Tc_02">
        <test-method status="PASS" signature="verifyCreatAccount()[pri:0, instance:com.TestCases.Tc_02@3ffc5af1]" name="verifyCreatAccount" duration-ms="35346" started-at="2018-06-16T15:47:49Z" finished-at="2018-06-16T15:48:24Z">
          <reporter-output>
          </reporter-output>
        </test-method> <!-- verifyCreatAccount -->
      </class> <!-- com.TestCases.Tc_02 -->
    </test> <!-- Test -->
  </suite> <!-- Suite -->
</testng-results>
